2026-01-29 13:42:22,300 - ACTION_RECEIVED: send_msg_001
2026-01-29 13:42:22,301 - STATE=requested: send_msg_001
2026-01-29 13:42:22,302 - STATE=executing: send_msg_001
2026-01-29 13:42:22,303 - COMMAND_EMITTED: {"command": "SEND_MESSAGE", "action_id": "send_msg_001", "payload": {"to": "user@example.com", "text": "Hello"}}
2026-01-29 13:42:22,304 - STATE=completed: send_msg_001

2026-01-29 13:42:22,305 - ACTION_RECEIVED: fetch_msg_001
2026-01-29 13:42:22,306 - STATE=requested: fetch_msg_001
2026-01-29 13:42:22,307 - STATE=executing: fetch_msg_001
2026-01-29 13:42:22,308 - COMMAND_EMITTED: {"command": "FETCH_MESSAGES", "action_id": "fetch_msg_001", "payload": {"since": "2026-01-28T00:00:00Z"}}
2026-01-29 13:42:22,309 - STATE=completed: fetch_msg_001

2026-01-29 13:42:22,310 - ACTION_RECEIVED: sched_msg_001
2026-01-29 13:42:22,311 - STATE=requested: sched_msg_001
2026-01-29 13:42:22,312 - STATE=executing: sched_msg_001
2026-01-29 13:42:22,313 - COMMAND_EMITTED: {"command": "SCHEDULE_MESSAGE", "action_id": "sched_msg_001", "payload": {"to": "user@example.com", "text": "Scheduled hello", "schedule_at": "2026-01-30T10:00:00Z"}}
2026-01-29 13:42:22,314 - STATE=completed: sched_msg_0012026-01-31 14:03:45,981 - ACTION_RECEIVED: string
2026-01-31 14:03:45,982 - STATE=requested: string 
2026-01-31 14:03:46,281 - Bucket returned 422 for action string
2026-01-31 14:03:46,609 - Karma returned 500 for action string
2026-01-31 14:03:46,609 - STATE=executing: string 
2026-01-31 14:03:46,853 - Bucket returned 422 for action string
2026-01-31 14:03:47,113 - Karma returned 500 for action string
2026-01-31 14:03:47,114 - COMMAND_EMITTED: {"command": "string", "action_id": "string", "payload": {"additionalProp1": {}}}
2026-01-31 14:04:01,714 - ACTION_RECEIVED: test_action_1769848439
2026-01-31 14:04:01,714 - STATE=requested: test_action_1769848439 
2026-01-31 14:04:01,985 - Bucket returned 422 for action test_action_1769848439
2026-01-31 14:04:02,237 - Karma returned 500 for action test_action_1769848439
2026-01-31 14:04:02,237 - STATE=executing: test_action_1769848439 
2026-01-31 14:04:02,502 - Bucket returned 422 for action test_action_1769848439
2026-01-31 14:04:02,784 - Karma returned 500 for action test_action_1769848439
2026-01-31 14:04:02,785 - COMMAND_EMITTED: {"command": "SEND_MESSAGE", "action_id": "test_action_1769848439", "payload": {"user_id": "test_user_uao", "to": "+1234567890", "text": "Test message from UAO integration test"}}
2026-01-31 14:04:09,909 - ACTION_RECEIVED: test_result_1769848447
2026-01-31 14:04:09,909 - STATE=requested: test_result_1769848447 
2026-01-31 14:04:10,183 - Bucket returned 422 for action test_result_1769848447
2026-01-31 14:04:10,456 - Karma returned 500 for action test_result_1769848447
2026-01-31 14:04:10,457 - STATE=executing: test_result_1769848447 
2026-01-31 14:04:10,719 - Bucket returned 422 for action test_result_1769848447
2026-01-31 14:04:10,976 - Karma returned 500 for action test_result_1769848447
2026-01-31 14:04:10,976 - COMMAND_EMITTED: {"command": "SEND_MESSAGE", "action_id": "test_result_1769848447", "payload": {"user_id": "test_user_result", "to": "+1234567890", "text": "Test for result reporting"}}
2026-01-31 14:04:13,507 - STATE=completed: test_result_1769848447 
2026-01-31 14:04:13,764 - Bucket returned 422 for action test_result_1769848447
2026-01-31 14:04:14,030 - Karma returned 500 for action test_result_1769848447
2026-01-31 14:07:25,363 - ACTION_RECEIVED: test_action_1769848643
2026-01-31 14:07:25,363 - STATE=requested: test_action_1769848643 
2026-01-31 14:07:25,613 - Bucket returned 422 for action test_action_1769848643
2026-01-31 14:07:25,901 - Karma returned 500 for action test_action_1769848643
2026-01-31 14:07:25,901 - STATE=executing: test_action_1769848643 
2026-01-31 14:07:26,149 - Bucket returned 422 for action test_action_1769848643
2026-01-31 14:07:26,425 - Karma returned 500 for action test_action_1769848643
2026-01-31 14:07:26,425 - COMMAND_EMITTED: {"command": "SEND_MESSAGE", "action_id": "test_action_1769848643", "payload": {"user_id": "test_user_uao", "to": "+1234567890", "text": "Test message from UAO integration test"}}
2026-01-31 14:07:33,565 - ACTION_RECEIVED: test_result_1769848651
2026-01-31 14:07:33,565 - STATE=requested: test_result_1769848651 
2026-01-31 14:07:33,802 - Bucket returned 422 for action test_result_1769848651
2026-01-31 14:07:34,067 - Karma returned 500 for action test_result_1769848651
2026-01-31 14:07:34,067 - STATE=executing: test_result_1769848651 
2026-01-31 14:07:34,323 - Bucket returned 422 for action test_result_1769848651
2026-01-31 14:07:34,596 - Karma returned 500 for action test_result_1769848651
2026-01-31 14:07:34,596 - COMMAND_EMITTED: {"command": "SEND_MESSAGE", "action_id": "test_result_1769848651", "payload": {"user_id": "test_user_result", "to": "+1234567890", "text": "Test"}}
2026-01-31 14:07:37,114 - STATE=completed: test_result_1769848651 
2026-01-31 14:07:37,388 - Bucket returned 422 for action test_result_1769848651
2026-01-31 14:07:37,650 - Karma returned 500 for action test_result_1769848651
2026-01-31 14:08:36,305 - ACTION_RECEIVED: test_action_1769848714
2026-01-31 14:08:36,305 - STATE=requested: test_action_1769848714 
2026-01-31 14:08:36,571 - Bucket returned 422 for action test_action_1769848714
2026-01-31 14:08:36,818 - Karma returned 500 for action test_action_1769848714
2026-01-31 14:08:36,818 - STATE=executing: test_action_1769848714 
2026-01-31 14:08:37,083 - Bucket returned 422 for action test_action_1769848714
2026-01-31 14:08:37,362 - Karma returned 500 for action test_action_1769848714
2026-01-31 14:08:37,362 - COMMAND_EMITTED: {"command": "SEND_MESSAGE", "action_id": "test_action_1769848714", "payload": {"user_id": "test_user_uao", "to": "+1234567890", "text": "Test message from UAO integration test"}}
2026-01-31 14:08:44,466 - ACTION_RECEIVED: test_result_1769848722
2026-01-31 14:08:44,466 - STATE=requested: test_result_1769848722 
2026-01-31 14:08:44,723 - Bucket returned 422 for action test_result_1769848722
2026-01-31 14:08:44,997 - Karma returned 500 for action test_result_1769848722
2026-01-31 14:08:44,997 - STATE=executing: test_result_1769848722 
2026-01-31 14:08:45,244 - Bucket returned 422 for action test_result_1769848722
2026-01-31 14:08:45,503 - Karma returned 500 for action test_result_1769848722
2026-01-31 14:08:45,503 - COMMAND_EMITTED: {"command": "SEND_MESSAGE", "action_id": "test_result_1769848722", "payload": {"user_id": "test_user_result", "to": "+1234567890", "text": "Test"}}
2026-01-31 14:08:48,041 - STATE=completed: test_result_1769848722 
2026-01-31 14:08:48,298 - Bucket returned 422 for action test_result_1769848722
2026-01-31 14:08:48,562 - Karma returned 500 for action test_result_1769848722
2026-01-31 14:09:36,058 - ACTION_RECEIVED: test_action_1769848774
2026-01-31 14:09:36,058 - STATE=requested: test_action_1769848774 
2026-01-31 14:09:36,343 - UAO event logged to Bucket: test_action_1769848774 [requested]
2026-01-31 14:09:36,705 - Karma returned 500 for action test_action_1769848774
2026-01-31 14:09:36,705 - STATE=executing: test_action_1769848774 
2026-01-31 14:09:36,979 - UAO event logged to Bucket: test_action_1769848774 [executing]
2026-01-31 14:09:37,290 - Karma returned 500 for action test_action_1769848774
2026-01-31 14:09:37,290 - COMMAND_EMITTED: {"command": "SEND_MESSAGE", "action_id": "test_action_1769848774", "payload": {"user_id": "test_user_uao", "to": "+1234567890", "text": "Test message from UAO integration test"}}
2026-01-31 14:09:44,408 - ACTION_RECEIVED: test_result_1769848782
2026-01-31 14:09:44,408 - STATE=requested: test_result_1769848782 
2026-01-31 14:09:44,679 - UAO event logged to Bucket: test_result_1769848782 [requested]
2026-01-31 14:09:44,947 - Karma returned 500 for action test_result_1769848782
2026-01-31 14:09:44,947 - STATE=executing: test_result_1769848782 
2026-01-31 14:09:45,200 - UAO event logged to Bucket: test_result_1769848782 [executing]
2026-01-31 14:09:45,463 - Karma returned 500 for action test_result_1769848782
2026-01-31 14:09:45,464 - COMMAND_EMITTED: {"command": "SEND_MESSAGE", "action_id": "test_result_1769848782", "payload": {"user_id": "test_user_result", "to": "+1234567890", "text": "Test"}}
2026-01-31 14:09:48,027 - STATE=completed: test_result_1769848782 
2026-01-31 14:09:48,295 - UAO event logged to Bucket: test_result_1769848782 [completed]
2026-01-31 14:09:48,571 - Karma returned 500 for action test_result_1769848782
2026-01-31 14:09:59,971 - ACTION_RECEIVED: test_action_1769848797
2026-01-31 14:09:59,971 - STATE=requested: test_action_1769848797 
2026-01-31 14:10:00,227 - UAO event logged to Bucket: test_action_1769848797 [requested]
2026-01-31 14:10:00,510 - Karma returned 500 for action test_action_1769848797
2026-01-31 14:10:00,511 - STATE=executing: test_action_1769848797 
2026-01-31 14:10:00,769 - UAO event logged to Bucket: test_action_1769848797 [executing]
2026-01-31 14:10:01,061 - Karma returned 500 for action test_action_1769848797
2026-01-31 14:10:01,061 - COMMAND_EMITTED: {"command": "SEND_MESSAGE", "action_id": "test_action_1769848797", "payload": {"user_id": "test_user_uao", "to": "+1234567890", "text": "Test message from UAO integration test"}}
2026-01-31 14:10:08,199 - ACTION_RECEIVED: test_result_1769848806
2026-01-31 14:10:08,199 - STATE=requested: test_result_1769848806 
2026-01-31 14:10:08,457 - UAO event logged to Bucket: test_result_1769848806 [requested]
2026-01-31 14:10:08,758 - Karma returned 500 for action test_result_1769848806
2026-01-31 14:10:08,759 - STATE=executing: test_result_1769848806 
2026-01-31 14:10:09,019 - UAO event logged to Bucket: test_result_1769848806 [executing]
2026-01-31 14:10:09,287 - Karma returned 500 for action test_result_1769848806
2026-01-31 14:10:09,288 - COMMAND_EMITTED: {"command": "SEND_MESSAGE", "action_id": "test_result_1769848806", "payload": {"user_id": "test_user_result", "to": "+1234567890", "text": "Test"}}
2026-01-31 14:10:11,824 - STATE=completed: test_result_1769848806 
2026-01-31 14:10:12,083 - UAO event logged to Bucket: test_result_1769848806 [completed]
2026-01-31 14:10:12,367 - Karma returned 500 for action test_result_1769848806
2026-01-31 14:11:26,247 - ACTION_RECEIVED: verify_integration
2026-01-31 14:11:26,247 - STATE=requested: verify_integration 
2026-01-31 14:11:26,491 - UAO event logged to Bucket: verify_integration [requested]
2026-01-31 14:11:26,781 - Karma returned 500 for action verify_integration
2026-01-31 14:11:26,781 - STATE=executing: verify_integration 
2026-01-31 14:11:27,012 - UAO event logged to Bucket: verify_integration [executing]
2026-01-31 14:11:27,286 - Karma returned 500 for action verify_integration
2026-01-31 14:11:27,287 - COMMAND_EMITTED: {"command": "SEND_MESSAGE", "action_id": "verify_integration", "payload": {"user_id": "test"}}
2026-02-02 11:09:05,705 - ACTION_RECEIVED: string
2026-02-02 11:09:05,706 - STATE=requested: string 
2026-02-02 11:09:09,726 - STATE=executing: string 
2026-02-02 11:09:13,749 - COMMAND_EMITTED: {"command": "string", "action_id": "string", "payload": {"additionalProp1": {}}}
